# JRE version: OpenJDK Runtime Environment Temurin-17.0.10+7 (17.0.10+7) (build 17.0.10+7)
# Java VM: OpenJDK 64-Bit Server VM Temurin-17.0.10+7 (17.0.10+7, mixed mode, emulated-client, tiered, compressed oops, compressed class ptrs, g1 gc, windows-amd64)
GC Precious Log:
 CPUs: 8 total, 8 available
 Memory: 16133M
 Large Page Support: Disabled
 NUMA Support: Disabled
 Compressed Oops: Enabled (Zero based)
 Heap Region Size: 2M
 Heap Min Capacity: 8M
 Heap Initial Capacity: 254M
 Heap Max Capacity: 4034M
 Pre-touch: Disabled
 Parallel Workers: 8
 Concurrent Workers: 2
 Concurrent Refinement Workers: 8
 Periodic GC: Disabled
Heap:
 garbage-first heap   total 108544K, used 44962K [0x0000000703e00000, 0x0000000800000000)
  region size 2048K, 11 young (22528K), 3 survivors (6144K)
 Metaspace       used 83206K, committed 83840K, reserved 1179648K
  class space    used 11834K, committed 12096K, reserved 1048576K
GC Heap History (20 events):
Event: 1.892 GC heap before
{Heap before GC invocations=9 (full 0):
 garbage-first heap   total 75776K, used 53849K [0x0000000703e00000, 0x0000000800000000)
  region size 2048K, 22 young (45056K), 4 survivors (8192K)
 Metaspace       used 42653K, committed 43136K, reserved 1114112K
  class space    used 5641K, committed 5824K, reserved 1048576K
}
Event: 1.896 GC heap after
{Heap after GC invocations=10 (full 0):
 garbage-first heap   total 75776K, used 19451K [0x0000000703e00000, 0x0000000800000000)
  region size 2048K, 2 young (4096K), 2 survivors (4096K)
 Metaspace       used 42653K, committed 43136K, reserved 1114112K
  class space    used 5641K, committed 5824K, reserved 1048576K
}
Event: 1.911 GC heap before
{Heap before GC invocations=10 (full 0):
 garbage-first heap   total 75776K, used 21499K [0x0000000703e00000, 0x0000000800000000)
  region size 2048K, 3 young (6144K), 2 survivors (4096K)
 Metaspace       used 42972K, committed 43456K, reserved 1114112K
  class space    used 5728K, committed 5952K, reserved 1048576K
}
Event: 1.913 GC heap after
{Heap after GC invocations=11 (full 0):
 garbage-first heap   total 75776K, used 20069K [0x0000000703e00000, 0x0000000800000000)
  region size 2048K, 1 young (2048K), 1 survivors (2048K)
 Metaspace       used 42972K, committed 43456K, reserved 1114112K
  class space    used 5728K, committed 5952K, reserved 1048576K
}
Event: 2.225 GC heap before
{Heap before GC invocations=11 (full 0):
 garbage-first heap   total 75776K, used 52837K [0x0000000703e00000, 0x0000000800000000)
  region size 2048K, 17 young (34816K), 1 survivors (2048K)
 Metaspace       used 50382K, committed 50880K, reserved 1114112K
  class space    used 6811K, committed 7040K, reserved 1048576K
}
Event: 2.227 GC heap after
{Heap after GC invocations=12 (full 0):
 garbage-first heap   total 75776K, used 22088K [0x0000000703e00000, 0x0000000800000000)
  region size 2048K, 2 young (4096K), 2 survivors (4096K)
 Metaspace       used 50382K, committed 50880K, reserved 1114112K
  class space    used 6811K, committed 7040K, reserved 1048576K
}
Event: 2.532 GC heap before
{Heap before GC invocations=12 (full 0):
 garbage-first heap   total 75776K, used 54856K [0x0000000703e00000, 0x0000000800000000)
  region size 2048K, 18 young (36864K), 2 survivors (4096K)
 Metaspace       used 58530K, committed 59008K, reserved 1114112K
  class space    used 7781K, committed 8000K, reserved 1048576K
}
Event: 2.534 GC heap after
{Heap after GC invocations=13 (full 0):
 garbage-first heap   total 75776K, used 23776K [0x0000000703e00000, 0x0000000800000000)
  region size 2048K, 3 young (6144K), 3 survivors (6144K)
 Metaspace       used 58530K, committed 59008K, reserved 1114112K
  class space    used 7781K, committed 8000K, reserved 1048576K
}
Event: 2.592 GC heap before
{Heap before GC invocations=13 (full 0):
 garbage-first heap   total 75776K, used 27872K [0x0000000703e00000, 0x0000000800000000)
  region size 2048K, 6 young (12288K), 3 survivors (6144K)
 Metaspace       used 60338K, committed 60800K, reserved 1114112K
  class space    used 8130K, committed 8320K, reserved 1048576K
}
Event: 2.594 GC heap after
{Heap after GC invocations=14 (full 0):
 garbage-first heap   total 75776K, used 24079K [0x0000000703e00000, 0x0000000800000000)
  region size 2048K, 1 young (2048K), 1 survivors (2048K)
 Metaspace       used 60338K, committed 60800K, reserved 1114112K
  class space    used 8130K, committed 8320K, reserved 1048576K
}
Event: 3.615 GC heap before
{Heap before GC invocations=15 (full 0):
 garbage-first heap   total 75776K, used 58895K [0x0000000703e00000, 0x0000000800000000)
  region size 2048K, 18 young (36864K), 1 survivors (2048K)
 Metaspace       used 66702K, committed 67264K, reserved 1114112K
  class space    used 9210K, committed 9472K, reserved 1048576K
}
Event: 3.617 GC heap after
{Heap after GC invocations=16 (full 0):
 garbage-first heap   total 108544K, used 25343K [0x0000000703e00000, 0x0000000800000000)
  region size 2048K, 2 young (4096K), 2 survivors (4096K)
 Metaspace       used 66702K, committed 67264K, reserved 1114112K
  class space    used 9210K, committed 9472K, reserved 1048576K
}
Event: 3.630 GC heap before
{Heap before GC invocations=16 (full 0):
 garbage-first heap   total 108544K, used 27391K [0x0000000703e00000, 0x0000000800000000)
  region size 2048K, 3 young (6144K), 2 survivors (4096K)
 Metaspace       used 66959K, committed 67520K, reserved 1114112K
  class space    used 9226K, committed 9472K, reserved 1048576K
}
Event: 3.633 GC heap after
{Heap after GC invocations=17 (full 0):
 garbage-first heap   total 108544K, used 25240K [0x0000000703e00000, 0x0000000800000000)
  region size 2048K, 1 young (2048K), 1 survivors (2048K)
 Metaspace       used 66959K, committed 67520K, reserved 1114112K
  class space    used 9226K, committed 9472K, reserved 1048576K
}
Event: 3.892 GC heap before
{Heap before GC invocations=17 (full 0):
 garbage-first heap   total 108544K, used 80536K [0x0000000703e00000, 0x0000000800000000)
  region size 2048K, 28 young (57344K), 1 survivors (2048K)
 Metaspace       used 71932K, committed 72512K, reserved 1114112K
  class space    used 10072K, committed 10368K, reserved 1048576K
}
Event: 3.894 GC heap after
{Heap after GC invocations=18 (full 0):
 garbage-first heap   total 108544K, used 27873K [0x0000000703e00000, 0x0000000800000000)
  region size 2048K, 2 young (4096K), 2 survivors (4096K)
 Metaspace       used 71932K, committed 72512K, reserved 1114112K
  class space    used 10072K, committed 10368K, reserved 1048576K
}
Event: 4.034 GC heap before
{Heap before GC invocations=18 (full 0):
 garbage-first heap   total 108544K, used 83169K [0x0000000703e00000, 0x0000000800000000)
  region size 2048K, 29 young (59392K), 2 survivors (4096K)
 Metaspace       used 73892K, committed 74496K, reserved 1114112K
  class space    used 10507K, committed 10816K, reserved 1048576K
}
Event: 4.036 GC heap after
{Heap after GC invocations=19 (full 0):
 garbage-first heap   total 108544K, used 29696K [0x0000000703e00000, 0x0000000800000000)
  region size 2048K, 3 young (6144K), 3 survivors (6144K)
 Metaspace       used 73892K, committed 74496K, reserved 1114112K
  class space    used 10507K, committed 10816K, reserved 1048576K
}
Event: 4.480 GC heap before
{Heap before GC invocations=19 (full 0):
 garbage-first heap   total 108544K, used 82944K [0x0000000703e00000, 0x0000000800000000)
  region size 2048K, 29 young (59392K), 3 survivors (6144K)
 Metaspace       used 79596K, committed 80192K, reserved 1179648K
  class space    used 11358K, committed 11648K, reserved 1048576K
}
Event: 4.484 GC heap after
{Heap after GC invocations=20 (full 0):
 garbage-first heap   total 108544K, used 32674K [0x0000000703e00000, 0x0000000800000000)
  region size 2048K, 3 young (6144K), 3 survivors (6144K)
 Metaspace       used 79596K, committed 80192K, reserved 1179648K
  class space    used 11358K, committed 11648K, reserved 1048576K
}

